    ======  ======
    Time:1/30/2023 12:10:28 PM
    Title: Initiate log
    Message: 
    Time:1/30/2023 12:10:28 PM
    Title: Initiate InternalManager
    Message: Trying to Validate License
    Time:1/30/2023 12:10:28 PM
    Title: Requesting EVT
    Message: EVTP
    Time:1/30/2023 12:10:28 PM
    Title: Requesting Validation
    Message: ILMValidate
    Time:1/30/2023 12:10:28 PM
    Title: LICENSER
    Message: FNF
    Time:1/30/2023 12:10:29 PM
    Title: Could not find file 'C:\ProgramData\Telerik\Hash.lic'.
    Message:    at System.IO.__Error.WinIOError(Int32 errorCode, String maybeFullPath)
   at System.IO.FileStream.Init(String path, FileMode mode, FileAccess access, Int32 rights, Boolean useRights, FileShare share, Int32 bufferSize, FileOptions options, SECURITY_ATTRIBUTES secAttrs, String msgPath, Boolean bFromProxy, Boolean useLongPath, Boolean checkHost)
   at System.IO.FileStream..ctor(String path, FileMode mode, FileAccess access, FileShare share)
   at Telerik.Licensing.Licenser.ReadHashPass()
    Time:1/30/2023 12:10:35 PM
    Title: Could not find file 'C:\ProgramData\Telerik\Hash.lic'.
    Message:    at System.IO.__Error.WinIOError(Int32 errorCode, String maybeFullPath)
   at System.IO.FileStream.Init(String path, FileMode mode, FileAccess access, Int32 rights, Boolean useRights, FileShare share, Int32 bufferSize, FileOptions options, SECURITY_ATTRIBUTES secAttrs, String msgPath, Boolean bFromProxy, Boolean useLongPath, Boolean checkHost)
   at System.IO.FileStream..ctor(String path, FileMode mode, FileAccess access, FileShare share)
   at Telerik.Licensing.Licenser.ReadHashPass()
    Entering constructor for: DevExpress.ExpressApp.Design.DynamicPackage.VSPkg
    Entering Dispose() of: DevExpress.ExpressApp.Design.Core.XAFPackageV4
    Entering Dispose() of: DevExpress.ExpressApp.Design.Core.EditorFactory
    Entering Dispose() of: DevExpress.ExpressApp.Design.Core.XAFPackageV4
    Entering Dispose() of: DevExpress.ExpressApp.Design.Core.EditorFactory
    Entering Dispose() of: DevExpress.ExpressApp.Design.DynamicPackage.VSPkg
